{"timestamp": "2025-06-04T02:28:37.100561", "type": "interaction", "question": "Hello! I'm your MedicalAI Assistant.\nI'm here to help collect and organize details about your symptoms so your doctor can better understand what you're experiencing.\nI'll ask you a few questions \u2014 just answer in your own words, and I'll take care of the rest.\nTo begin, could you please tell me what symptoms you're experiencing today?", "answer": "I have backpain", "raw_input": "I have backpain"}
{"timestamp": "2025-06-04T02:29:23.573485", "type": "interaction", "question": "Can you describe the pain? (e.g., sharp, dull, aching, burning)", "answer": "I have backpain", "raw_input": "I have backpain"}
{"timestamp": "2025-06-04T02:29:54.961500", "type": "interaction", "question": "Where exactly is the pain located? (Point to the specific area.)", "answer": "Its sharp i had it since this morning", "raw_input": "Its sharp i had it since this morning"}
{"timestamp": "2025-06-04T02:30:22.377060", "type": "interaction", "question": "How severe is the pain on a scale of 0-10, with 0 being no pain and 10 being the worst pain imaginable?", "answer": "Its in the middle", "raw_input": "Its in the middle"}
{"timestamp": "2025-06-04T02:30:27.981920", "type": "interaction", "question": "Is the pain constant, or does it come and go?", "answer": "8", "raw_input": "8"}
{"timestamp": "2025-06-04T02:30:36.656687", "type": "interaction", "question": "What makes the pain better or worse? (e.g., rest, movement, certain positions)", "answer": "its constant", "raw_input": "its constant"}
{"timestamp": "2025-06-04T02:31:06.999111", "type": "interaction", "question": "Does the pain radiate or travel to other parts of your body (e.g., legs, arms)?", "answer": "when i move it hurts when i rest its better", "raw_input": "when i move it hurts when i rest its better"}
{"timestamp": "2025-06-04T02:31:16.266579", "type": "interaction", "question": "Do you have any numbness, tingling, or weakness in your legs or feet?", "answer": "it doesnt radiate", "raw_input": "it doesnt radiate"}
{"timestamp": "2025-06-04T02:31:21.685620", "type": "interaction", "question": "Do you have any bowel or bladder problems (e.g., difficulty controlling urination or bowel movements)?", "answer": "no", "raw_input": "no"}
{"timestamp": "2025-06-04T02:31:28.872194", "type": "interaction", "question": "Do you have a fever?", "answer": "no i do not", "raw_input": "no i do not"}
{"timestamp": "2025-06-04T02:31:32.290721", "type": "interaction", "question": "Have you experienced any recent weight loss?", "answer": "no i do not", "raw_input": "no i do not"}
{"timestamp": "2025-06-04T02:31:39.543954", "type": "interaction", "question": "Have you had back pain before?", "answer": "no i havent", "raw_input": "no i havent"}
{"timestamp": "2025-06-04T02:31:45.074549", "type": "interaction", "question": "Have you had any recent injuries or falls?", "answer": "no i havent", "raw_input": "no i havent"}
{"timestamp": "2025-06-04T02:31:46.945425", "type": "interaction", "question": "Do you have any other medical conditions? (e.g., osteoporosis, arthritis, cancer)", "answer": "no i havent", "raw_input": "no i havent"}
{"timestamp": "2025-06-04T02:31:49.564766", "type": "interaction", "question": "What medications are you currently taking?", "answer": "no i havent", "raw_input": "no i havent"}
{"timestamp": "2025-06-04T02:31:55.285113", "type": "interaction", "question": "How is the pain affecting your daily activities? (e.g., work, sleep, exercise)", "answer": "none", "raw_input": "none"}
{"timestamp": "2025-06-04T02:32:31.870814", "type": "interaction", "question": "Hello. What are your main symptoms?", "answer": "im sleeping all day", "raw_input": "im sleeping all day"}
{"timestamp": "2025-06-04T02:32:34.882256", "type": "interaction", "question": "Can you describe when you started sleeping all day? Please provide the onset.", "answer": "im sleeping all day", "raw_input": "im sleeping all day"}
{"timestamp": "2025-06-04T02:32:41.436823", "type": "interaction", "question": "When did you start sleeping all day? Can you describe the onset?", "answer": "im sleeping all day", "raw_input": "im sleeping all day"}
{"timestamp": "2025-06-04T02:32:58.569690", "type": "interaction", "question": "How long have you been sleeping all day? What is the duration?", "answer": "from the morning", "raw_input": "from the morning"}
{"timestamp": "2025-06-04T02:33:09.481113", "type": "interaction", "question": "How severe is your sleeping all day? Can you rate it on a scale of 1 to 10, with 1 being mild and 10 being severe?", "answer": "5 hours", "raw_input": "5 hours"}
{"timestamp": "2025-06-04T02:33:18.566642", "type": "interaction", "question": "Are there any specific times during the day when you sleep more? Are there any factors that make it better or worse?", "answer": "8", "raw_input": "8"}
{"timestamp": "2025-06-04T02:33:29.215709", "type": "interaction", "question": "Can you please elaborate on the factors that make it better or worse?", "answer": "no there isnt", "raw_input": "no there isnt"}
{"timestamp": "2025-06-04T02:33:40.075431", "type": "interaction", "question": "Can you describe any factors that make your sleeping all day worse (aggravating factors)?", "answer": "i havent found any", "raw_input": "i havent found any"}
{"timestamp": "2025-06-04T02:33:48.491009", "type": "interaction", "question": "Can you describe any factors that make your sleeping all day better (relieving factors)?", "answer": "i havent found any", "raw_input": "i havent found any"}
{"timestamp": "2025-06-04T02:36:04.264586", "type": "error", "error": "Object of type CrewOutput is not JSON serializable"}
